[2023-06-23 16:47:34] production.ERROR: SQLSTATE[HY000] [2002] No connection could be made because the target machine actively refused it (SQL: select * from `core_settings` where `name` = site_locale limit 1) {"exception":"[object] (Illuminate\\Database\\QueryException(code: 2002): SQLSTATE[HY000] [2002] No connection could be made because the target machine actively refused it (SQL: select * from `core_settings` where `name` = site_locale limit 1) at C:\\Users\\m\\Desktop\\MyTravel\\vendor\\laravel\\framework\\src\\Illuminate\\Database\\Connection.php:760)
[stacktrace]
#0 C:\\Users\\m\\Desktop\\MyTravel\\vendor\\laravel\\framework\\src\\Illuminate\\Database\\Connection.php(720): Illuminate\\Database\\Connection->runQueryCallback('select * from `...', Array, Object(Closure))
#1 C:\\Users\\m\\Desktop\\MyTravel\\vendor\\laravel\\framework\\src\\Illuminate\\Database\\Connection.php(405): Illuminate\\Database\\Connection->run('select * from `...', Array, Object(Closure))
#2 C:\\Users\\m\\Desktop\\MyTravel\\vendor\\laravel\\framework\\src\\Illuminate\\Database\\Query\\Builder.php(2653): Illuminate\\Database\\Connection->select('select * from `...', Array, true)
#3 C:\\Users\\m\\Desktop\\MyTravel\\vendor\\laravel\\framework\\src\\Illuminate\\Database\\Query\\Builder.php(2642): Illuminate\\Database\\Query\\Builder->runSelect()
#4 C:\\Users\\m\\Desktop\\MyTravel\\vendor\\laravel\\framework\\src\\Illuminate\\Database\\Query\\Builder.php(3178): Illuminate\\Database\\Query\\Builder->Illuminate\\Database\\Query\\{closure}()
#5 C:\\Users\\m\\Desktop\\MyTravel\\vendor\\laravel\\framework\\src\\Illuminate\\Database\\Query\\Builder.php(2641): Illuminate\\Database\\Query\\Builder->onceWithColumns(Array, Object(Closure))
#6 C:\\Users\\m\\Desktop\\MyTravel\\vendor\\laravel\\framework\\src\\Illuminate\\Database\\Eloquent\\Builder.php(702): Illuminate\\Database\\Query\\Builder->get(Array)
#7 C:\\Users\\m\\Desktop\\MyTravel\\vendor\\laravel\\framework\\src\\Illuminate\\Database\\Eloquent\\Builder.php(686): Illuminate\\Database\\Eloquent\\Builder->getModels(Array)
#8 C:\\Users\\m\\Desktop\\MyTravel\\vendor\\laravel\\framework\\src\\Illuminate\\Database\\Concerns\\BuildsQueries.php(296): Illuminate\\Database\\Eloquent\\Builder->get(Array)
#9 C:\\Users\\m\\Desktop\\MyTravel\\modules\\Core\\Models\\Settings.php(35): Illuminate\\Database\\Eloquent\\Builder->first()
#10 C:\\Users\\m\\Desktop\\MyTravel\\vendor\\laravel\\framework\\src\\Illuminate\\Cache\\Repository.php(426): Modules\\Core\\Models\\Settings::Modules\\Core\\Models\\{closure}()
#11 C:\\Users\\m\\Desktop\\MyTravel\\vendor\\laravel\\framework\\src\\Illuminate\\Cache\\CacheManager.php(419): Illuminate\\Cache\\Repository->rememberForever('setting_site_lo...', Object(Closure))
#12 C:\\Users\\m\\Desktop\\MyTravel\\vendor\\laravel\\framework\\src\\Illuminate\\Support\\Facades\\Facade.php(338): Illuminate\\Cache\\CacheManager->__call('rememberForever', Array)
#13 C:\\Users\\m\\Desktop\\MyTravel\\modules\\Core\\Models\\Settings.php(34): Illuminate\\Support\\Facades\\Facade::__callStatic('rememberForever', Array)
#14 C:\\Users\\m\\Desktop\\MyTravel\\app\\Helpers\\AppHelper.php(18): Modules\\Core\\Models\\Settings::item('site_locale', '')
#15 C:\\Users\\m\\Desktop\\MyTravel\\modules\\Language\\Models\\Language.php(33): setting_item('site_locale')
#16 C:\\Users\\m\\Desktop\\MyTravel\\vendor\\laravel\\framework\\src\\Illuminate\\Cache\\Repository.php(426): Modules\\Language\\Models\\Language::Modules\\Language\\Models\\{closure}()
#17 C:\\Users\\m\\Desktop\\MyTravel\\vendor\\laravel\\framework\\src\\Illuminate\\Cache\\CacheManager.php(419): Illuminate\\Cache\\Repository->rememberForever('locale_active_1', Object(Closure))
#18 C:\\Users\\m\\Desktop\\MyTravel\\vendor\\laravel\\framework\\src\\Illuminate\\Support\\Facades\\Facade.php(338): Illuminate\\Cache\\CacheManager->__call('rememberForever', Array)
#19 C:\\Users\\m\\Desktop\\MyTravel\\modules\\Language\\Models\\Language.php(28): Illuminate\\Support\\Facades\\Facade::__callStatic('rememberForever', Array)
#20 C:\\Users\\m\\Desktop\\MyTravel\\app\\Providers\\AppServiceProvider.php(197): Modules\\Language\\Models\\Language::getActive()
#21 C:\\Users\\m\\Desktop\\MyTravel\\app\\Providers\\AppServiceProvider.php(42): App\\Providers\\AppServiceProvider->setLang()
#22 C:\\Users\\m\\Desktop\\MyTravel\\vendor\\laravel\\framework\\src\\Illuminate\\Container\\BoundMethod.php(36): App\\Providers\\AppServiceProvider->boot(Object(Illuminate\\Http\\Request))
#23 C:\\Users\\m\\Desktop\\MyTravel\\vendor\\laravel\\framework\\src\\Illuminate\\Container\\Util.php(41): Illuminate\\Container\\BoundMethod::Illuminate\\Container\\{closure}()
#24 C:\\Users\\m\\Desktop\\MyTravel\\vendor\\laravel\\framework\\src\\Illuminate\\Container\\BoundMethod.php(93): Illuminate\\Container\\Util::unwrapIfClosure(Object(Closure))
#25 C:\\Users\\m\\Desktop\\MyTravel\\vendor\\laravel\\framework\\src\\Illuminate\\Container\\BoundMethod.php(35): Illuminate\\Container\\BoundMethod::callBoundMethod(Object(Illuminate\\Foundation\\Application), Array, Object(Closure))
#26 C:\\Users\\m\\Desktop\\MyTravel\\vendor\\laravel\\framework\\src\\Illuminate\\Container\\Container.php(651): Illuminate\\Container\\BoundMethod::call(Object(Illuminate\\Foundation\\Application), Array, Array, NULL)
#27 C:\\Users\\m\\Desktop\\MyTravel\\vendor\\laravel\\framework\\src\\Illuminate\\Foundation\\Application.php(933): Illuminate\\Container\\Container->call(Array)
#28 C:\\Users\\m\\Desktop\\MyTravel\\vendor\\laravel\\framework\\src\\Illuminate\\Foundation\\Application.php(914): Illuminate\\Foundation\\Application->bootProvider(Object(App\\Providers\\AppServiceProvider))
#29 [internal function]: Illuminate\\Foundation\\Application->Illuminate\\Foundation\\{closure}(Object(App\\Providers\\AppServiceProvider), 34)
#30 C:\\Users\\m\\Desktop\\MyTravel\\vendor\\laravel\\framework\\src\\Illuminate\\Foundation\\Application.php(913): array_walk(Array, Object(Closure))
#31 C:\\Users\\m\\Desktop\\MyTravel\\vendor\\laravel\\framework\\src\\Illuminate\\Foundation\\Bootstrap\\BootProviders.php(17): Illuminate\\Foundation\\Application->boot()
#32 C:\\Users\\m\\Desktop\\MyTravel\\vendor\\laravel\\framework\\src\\Illuminate\\Foundation\\Application.php(242): Illuminate\\Foundation\\Bootstrap\\BootProviders->bootstrap(Object(Illuminate\\Foundation\\Application))
#33 C:\\Users\\m\\Desktop\\MyTravel\\vendor\\laravel\\framework\\src\\Illuminate\\Foundation\\Console\\Kernel.php(383): Illuminate\\Foundation\\Application->bootstrapWith(Array)
#34 C:\\Users\\m\\Desktop\\MyTravel\\vendor\\laravel\\framework\\src\\Illuminate\\Foundation\\Console\\Kernel.php(153): Illuminate\\Foundation\\Console\\Kernel->bootstrap()
#35 C:\\Users\\m\\Desktop\\MyTravel\\artisan(38): Illuminate\\Foundation\\Console\\Kernel->handle(Object(Symfony\\Component\\Console\\Input\\ArgvInput), Object(Symfony\\Component\\Console\\Output\\ConsoleOutput))
#36 {main}

[previous exception] [object] (PDOException(code: 2002): SQLSTATE[HY000] [2002] No connection could be made because the target machine actively refused it at C:\\Users\\m\\Desktop\\MyTravel\\vendor\\laravel\\framework\\src\\Illuminate\\Database\\Connectors\\Connector.php:70)
[stacktrace]
#0 C:\\Users\\m\\Desktop\\MyTravel\\vendor\\laravel\\framework\\src\\Illuminate\\Database\\Connectors\\Connector.php(70): PDO->__construct('mysql:host=127....', 'mytravel', Object(SensitiveParameterValue), Array)
#1 C:\\Users\\m\\Desktop\\MyTravel\\vendor\\laravel\\framework\\src\\Illuminate\\Database\\Connectors\\Connector.php(45): Illuminate\\Database\\Connectors\\Connector->createPdoConnection('mysql:host=127....', 'mytravel', 'LetsdoitNow', Array)
#2 C:\\Users\\m\\Desktop\\MyTravel\\vendor\\laravel\\framework\\src\\Illuminate\\Database\\Connectors\\MySqlConnector.php(24): Illuminate\\Database\\Connectors\\Connector->createConnection('mysql:host=127....', Array, Array)
#3 C:\\Users\\m\\Desktop\\MyTravel\\vendor\\laravel\\framework\\src\\Illuminate\\Database\\Connectors\\ConnectionFactory.php(184): Illuminate\\Database\\Connectors\\MySqlConnector->connect(Array)
#4 [internal function]: Illuminate\\Database\\Connectors\\ConnectionFactory->Illuminate\\Database\\Connectors\\{closure}()
#5 C:\\Users\\m\\Desktop\\MyTravel\\vendor\\laravel\\framework\\src\\Illuminate\\Database\\Connection.php(1181): call_user_func(Object(Closure))
#6 C:\\Users\\m\\Desktop\\MyTravel\\vendor\\laravel\\framework\\src\\Illuminate\\Database\\Connection.php(1217): Illuminate\\Database\\Connection->getPdo()
#7 C:\\Users\\m\\Desktop\\MyTravel\\vendor\\laravel\\framework\\src\\Illuminate\\Database\\Connection.php(486): Illuminate\\Database\\Connection->getReadPdo()
#8 C:\\Users\\m\\Desktop\\MyTravel\\vendor\\laravel\\framework\\src\\Illuminate\\Database\\Connection.php(414): Illuminate\\Database\\Connection->getPdoForSelect(true)
#9 C:\\Users\\m\\Desktop\\MyTravel\\vendor\\laravel\\framework\\src\\Illuminate\\Database\\Connection.php(753): Illuminate\\Database\\Connection->Illuminate\\Database\\{closure}('select * from `...', Array)
#10 C:\\Users\\m\\Desktop\\MyTravel\\vendor\\laravel\\framework\\src\\Illuminate\\Database\\Connection.php(720): Illuminate\\Database\\Connection->runQueryCallback('select * from `...', Array, Object(Closure))
#11 C:\\Users\\m\\Desktop\\MyTravel\\vendor\\laravel\\framework\\src\\Illuminate\\Database\\Connection.php(405): Illuminate\\Database\\Connection->run('select * from `...', Array, Object(Closure))
#12 C:\\Users\\m\\Desktop\\MyTravel\\vendor\\laravel\\framework\\src\\Illuminate\\Database\\Query\\Builder.php(2653): Illuminate\\Database\\Connection->select('select * from `...', Array, true)
#13 C:\\Users\\m\\Desktop\\MyTravel\\vendor\\laravel\\framework\\src\\Illuminate\\Database\\Query\\Builder.php(2642): Illuminate\\Database\\Query\\Builder->runSelect()
#14 C:\\Users\\m\\Desktop\\MyTravel\\vendor\\laravel\\framework\\src\\Illuminate\\Database\\Query\\Builder.php(3178): Illuminate\\Database\\Query\\Builder->Illuminate\\Database\\Query\\{closure}()
#15 C:\\Users\\m\\Desktop\\MyTravel\\vendor\\laravel\\framework\\src\\Illuminate\\Database\\Query\\Builder.php(2641): Illuminate\\Database\\Query\\Builder->onceWithColumns(Array, Object(Closure))
#16 C:\\Users\\m\\Desktop\\MyTravel\\vendor\\laravel\\framework\\src\\Illuminate\\Database\\Eloquent\\Builder.php(702): Illuminate\\Database\\Query\\Builder->get(Array)
#17 C:\\Users\\m\\Desktop\\MyTravel\\vendor\\laravel\\framework\\src\\Illuminate\\Database\\Eloquent\\Builder.php(686): Illuminate\\Database\\Eloquent\\Builder->getModels(Array)
#18 C:\\Users\\m\\Desktop\\MyTravel\\vendor\\laravel\\framework\\src\\Illuminate\\Database\\Concerns\\BuildsQueries.php(296): Illuminate\\Database\\Eloquent\\Builder->get(Array)
#19 C:\\Users\\m\\Desktop\\MyTravel\\modules\\Core\\Models\\Settings.php(35): Illuminate\\Database\\Eloquent\\Builder->first()
#20 C:\\Users\\m\\Desktop\\MyTravel\\vendor\\laravel\\framework\\src\\Illuminate\\Cache\\Repository.php(426): Modules\\Core\\Models\\Settings::Modules\\Core\\Models\\{closure}()
#21 C:\\Users\\m\\Desktop\\MyTravel\\vendor\\laravel\\framework\\src\\Illuminate\\Cache\\CacheManager.php(419): Illuminate\\Cache\\Repository->rememberForever('setting_site_lo...', Object(Closure))
#22 C:\\Users\\m\\Desktop\\MyTravel\\vendor\\laravel\\framework\\src\\Illuminate\\Support\\Facades\\Facade.php(338): Illuminate\\Cache\\CacheManager->__call('rememberForever', Array)
#23 C:\\Users\\m\\Desktop\\MyTravel\\modules\\Core\\Models\\Settings.php(34): Illuminate\\Support\\Facades\\Facade::__callStatic('rememberForever', Array)
#24 C:\\Users\\m\\Desktop\\MyTravel\\app\\Helpers\\AppHelper.php(18): Modules\\Core\\Models\\Settings::item('site_locale', '')
#25 C:\\Users\\m\\Desktop\\MyTravel\\modules\\Language\\Models\\Language.php(33): setting_item('site_locale')
#26 C:\\Users\\m\\Desktop\\MyTravel\\vendor\\laravel\\framework\\src\\Illuminate\\Cache\\Repository.php(426): Modules\\Language\\Models\\Language::Modules\\Language\\Models\\{closure}()
#27 C:\\Users\\m\\Desktop\\MyTravel\\vendor\\laravel\\framework\\src\\Illuminate\\Cache\\CacheManager.php(419): Illuminate\\Cache\\Repository->rememberForever('locale_active_1', Object(Closure))
#28 C:\\Users\\m\\Desktop\\MyTravel\\vendor\\laravel\\framework\\src\\Illuminate\\Support\\Facades\\Facade.php(338): Illuminate\\Cache\\CacheManager->__call('rememberForever', Array)
#29 C:\\Users\\m\\Desktop\\MyTravel\\modules\\Language\\Models\\Language.php(28): Illuminate\\Support\\Facades\\Facade::__callStatic('rememberForever', Array)
#30 C:\\Users\\m\\Desktop\\MyTravel\\app\\Providers\\AppServiceProvider.php(197): Modules\\Language\\Models\\Language::getActive()
#31 C:\\Users\\m\\Desktop\\MyTravel\\app\\Providers\\AppServiceProvider.php(42): App\\Providers\\AppServiceProvider->setLang()
#32 C:\\Users\\m\\Desktop\\MyTravel\\vendor\\laravel\\framework\\src\\Illuminate\\Container\\BoundMethod.php(36): App\\Providers\\AppServiceProvider->boot(Object(Illuminate\\Http\\Request))
#33 C:\\Users\\m\\Desktop\\MyTravel\\vendor\\laravel\\framework\\src\\Illuminate\\Container\\Util.php(41): Illuminate\\Container\\BoundMethod::Illuminate\\Container\\{closure}()
#34 C:\\Users\\m\\Desktop\\MyTravel\\vendor\\laravel\\framework\\src\\Illuminate\\Container\\BoundMethod.php(93): Illuminate\\Container\\Util::unwrapIfClosure(Object(Closure))
#35 C:\\Users\\m\\Desktop\\MyTravel\\vendor\\laravel\\framework\\src\\Illuminate\\Container\\BoundMethod.php(35): Illuminate\\Container\\BoundMethod::callBoundMethod(Object(Illuminate\\Foundation\\Application), Array, Object(Closure))
#36 C:\\Users\\m\\Desktop\\MyTravel\\vendor\\laravel\\framework\\src\\Illuminate\\Container\\Container.php(651): Illuminate\\Container\\BoundMethod::call(Object(Illuminate\\Foundation\\Application), Array, Array, NULL)
#37 C:\\Users\\m\\Desktop\\MyTravel\\vendor\\laravel\\framework\\src\\Illuminate\\Foundation\\Application.php(933): Illuminate\\Container\\Container->call(Array)
#38 C:\\Users\\m\\Desktop\\MyTravel\\vendor\\laravel\\framework\\src\\Illuminate\\Foundation\\Application.php(914): Illuminate\\Foundation\\Application->bootProvider(Object(App\\Providers\\AppServiceProvider))
#39 [internal function]: Illuminate\\Foundation\\Application->Illuminate\\Foundation\\{closure}(Object(App\\Providers\\AppServiceProvider), 34)
#40 C:\\Users\\m\\Desktop\\MyTravel\\vendor\\laravel\\framework\\src\\Illuminate\\Foundation\\Application.php(913): array_walk(Array, Object(Closure))
#41 C:\\Users\\m\\Desktop\\MyTravel\\vendor\\laravel\\framework\\src\\Illuminate\\Foundation\\Bootstrap\\BootProviders.php(17): Illuminate\\Foundation\\Application->boot()
#42 C:\\Users\\m\\Desktop\\MyTravel\\vendor\\laravel\\framework\\src\\Illuminate\\Foundation\\Application.php(242): Illuminate\\Foundation\\Bootstrap\\BootProviders->bootstrap(Object(Illuminate\\Foundation\\Application))
#43 C:\\Users\\m\\Desktop\\MyTravel\\vendor\\laravel\\framework\\src\\Illuminate\\Foundation\\Console\\Kernel.php(383): Illuminate\\Foundation\\Application->bootstrapWith(Array)
#44 C:\\Users\\m\\Desktop\\MyTravel\\vendor\\laravel\\framework\\src\\Illuminate\\Foundation\\Console\\Kernel.php(153): Illuminate\\Foundation\\Console\\Kernel->bootstrap()
#45 C:\\Users\\m\\Desktop\\MyTravel\\artisan(38): Illuminate\\Foundation\\Console\\Kernel->handle(Object(Symfony\\Component\\Console\\Input\\ArgvInput), Object(Symfony\\Component\\Console\\Output\\ConsoleOutput))
#46 {main}
"} 
